<?xml version="1.0" encoding="UTF-8"?>
<testng-results skipped="0" failed="1" ignored="0" total="1" passed="0">
  <reporter-output>
  </reporter-output>
  <suite name="Default suite" duration-ms="10778" started-at="2023-02-24T18:58:15 IST" finished-at="2023-02-24T18:58:26 IST">
    <groups>
      <group name="cucumber">
        <method signature="AbstractTestNGCucumberTests.runScenario(io.cucumber.testng.PickleWrapper,io.cucumber.testng.FeatureWrapper)[pri:0, instance:cucumberOptions.FailedTestRunner@2bea5ab4]" name="runScenario" class="io.cucumber.testng.AbstractTestNGCucumberTests"/>
      </group> <!-- cucumber -->
    </groups>
    <test name="Default test" duration-ms="10778" started-at="2023-02-24T18:58:15 IST" finished-at="2023-02-24T18:58:26 IST">
      <class name="cucumberOptions.FailedTestRunner">
        <test-method status="PASS" signature="setUpClass(org.testng.ITestContext)[pri:0, instance:cucumberOptions.FailedTestRunner@2bea5ab4]" name="setUpClass" is-config="true" duration-ms="312" started-at="2023-02-24T18:58:15 IST" finished-at="2023-02-24T18:58:16 IST">
          <params>
            <param index="0">
              <value>
                <![CDATA[org.testng.TestRunner@42721fe]]>
              </value>
            </param>
          </params>
          <reporter-output>
          </reporter-output>
        </test-method> <!-- setUpClass -->
        <test-method status="FAIL" signature="runScenario(io.cucumber.testng.PickleWrapper,io.cucumber.testng.FeatureWrapper)[pri:0, instance:cucumberOptions.FailedTestRunner@2bea5ab4]" name="runScenario" duration-ms="9674" started-at="2023-02-24T18:58:16 IST" description="Runs Cucumber Scenarios" data-provider="scenarios" finished-at="2023-02-24T18:58:25 IST">
          <params>
            <param index="0">
              <value>
                <![CDATA["Search Experience for product search in both home and offers page"]]>
              </value>
            </param>
            <param index="1">
              <value>
                <![CDATA["Search and check product names are displayed"]]>
              </value>
            </param>
          </params>
          <exception class="java.lang.AssertionError">
            <message>
              <![CDATA[expected [No data] but found [Beetroot]]]>
            </message>
            <full-stacktrace>
              <![CDATA[java.lang.AssertionError: expected [No data] but found [Beetroot]
at org.testng.Assert.fail(Assert.java:110)
at org.testng.Assert.failNotEquals(Assert.java:1413)
at org.testng.Assert.assertEqualsImpl(Assert.java:149)
at org.testng.Assert.assertEquals(Assert.java:131)
at org.testng.Assert.assertEquals(Assert.java:655)
at org.testng.Assert.assertEquals(Assert.java:665)
at StepDefinition.OffersPagestepDefinition.validate_product_name_in_offers_page_matches_with_Landing_page(OffersPagestepDefinition.java:46)
at âœ½.validate product name in offers page matches with Landing page(file:///C:/Users/Harshitha%20Manjunath/eclipse-workspace/Framework/src/test/java/Features/Login.feature:8)
]]>
            </full-stacktrace>
          </exception> <!-- java.lang.AssertionError -->
          <reporter-output>
          </reporter-output>
        </test-method> <!-- runScenario -->
        <test-method status="PASS" signature="tearDownClass()[pri:0, instance:cucumberOptions.FailedTestRunner@2bea5ab4]" name="tearDownClass" is-config="true" duration-ms="759" started-at="2023-02-24T18:58:25 IST" finished-at="2023-02-24T18:58:26 IST">
          <reporter-output>
          </reporter-output>
        </test-method> <!-- tearDownClass -->
      </class> <!-- cucumberOptions.FailedTestRunner -->
    </test> <!-- Default test -->
  </suite> <!-- Default suite -->
</testng-results>
